<?xml version="1.0" encoding="UTF-8"?>
<!-- Generated by org.testng.reporters.JUnitXMLReporter -->
<testsuite ignored="0" hostname="DESKTOP-BEC3N8U" failures="0" tests="4" name="Default test" time="56.702" errors="0" timestamp="2025-07-01T16:43:44 IST">
  <testcase classname="Mytests.Gurutest" name="login" time="0.787"/>
  <testcase classname="Mytests.Gurutest" name="selectnewcustomer" time="37.286"/>
  <testcase classname="Mytests.Gurutest" name="editcustomer" time="1.362"/>
  <testcase classname="Mytests.Gurutest" name="deletecustomer" time="8.166"/>
</testsuite> <!-- Default test -->
