<?xml version="1.0" encoding="UTF-8"?>
<!-- Generated by org.testng.reporters.JUnitXMLReporter -->
<testsuite ignored="0" hostname="DESKTOP-BEC3N8U" failures="0" tests="4" name="Test" time="84.427" errors="0" timestamp="2025-07-15T14:30:38 IST">
  <testcase classname="Mytests.Gurutest" name="login" time="0.219"/>
  <testcase classname="Mytests.Gurutest" name="selectnewcustomer" time="8.603"/>
  <testcase classname="Mytests.Gurutest" name="editcustomer" time="0.644"/>
  <testcase classname="Mytests.Gurutest" name="deletecustomer" time="13.544"/>
</testsuite> <!-- Test -->
