<?xml version="1.0" encoding="UTF-8"?>
<!-- Generated by org.testng.reporters.JUnitXMLReporter -->
<testsuite ignored="0" hostname="DESKTOP-BEC3N8U" failures="0" tests="4" name="Test" time="40.45" errors="0" timestamp="2025-06-19T14:05:07 IST">
  <testcase classname="Mytests.Gurutest" name="login" time="0.848"/>
  <testcase classname="Mytests.Gurutest" name="selectnewcustomer" time="5.155"/>
  <testcase classname="Mytests.Gurutest" name="editcustomer" time="0.892"/>
  <testcase classname="Mytests.Gurutest" name="deletecustomer" time="8.098"/>
</testsuite> <!-- Test -->
