<?xml version="1.0" encoding="UTF-8"?>
<testng-results ignored="0" total="4" passed="4" failed="0" skipped="0">
  <reporter-output>
  </reporter-output>
  <suite started-at="2025-06-19T14:04:27 IST" name="Suite" finished-at="2025-06-19T14:05:07 IST" duration-ms="40450">
    <groups>
    </groups>
    <test started-at="2025-06-19T14:04:27 IST" name="Test" finished-at="2025-06-19T14:05:07 IST" duration-ms="40450">
      <class name="Mytests.Gurutest">
        <test-method is-config="true" signature="openapp()[pri:0, instance:Mytests.Gurutest@6af93788]" started-at="2025-06-19T14:04:27 IST" name="openapp" finished-at="2025-06-19T14:04:52 IST" duration-ms="24974" status="PASS">
          <reporter-output>
          </reporter-output>
        </test-method> <!-- openapp -->
        <test-method signature="login()[pri:1, instance:Mytests.Gurutest@6af93788]" started-at="2025-06-19T14:04:52 IST" name="login" finished-at="2025-06-19T14:04:53 IST" duration-ms="848" status="PASS">
          <reporter-output>
          </reporter-output>
        </test-method> <!-- login -->
        <test-method signature="selectnewcustomer()[pri:2, instance:Mytests.Gurutest@6af93788]" started-at="2025-06-19T14:04:53 IST" name="selectnewcustomer" finished-at="2025-06-19T14:04:58 IST" duration-ms="5155" status="PASS">
          <reporter-output>
          </reporter-output>
        </test-method> <!-- selectnewcustomer -->
        <test-method signature="editcustomer()[pri:3, instance:Mytests.Gurutest@6af93788]" started-at="2025-06-19T14:04:58 IST" name="editcustomer" finished-at="2025-06-19T14:04:59 IST" duration-ms="892" status="PASS">
          <reporter-output>
          </reporter-output>
        </test-method> <!-- editcustomer -->
        <test-method signature="deletecustomer()[pri:4, instance:Mytests.Gurutest@6af93788]" started-at="2025-06-19T14:04:59 IST" name="deletecustomer" finished-at="2025-06-19T14:05:07 IST" duration-ms="8098" status="PASS">
          <reporter-output>
          </reporter-output>
        </test-method> <!-- deletecustomer -->
        <test-method is-config="true" signature="closeapp()[pri:0, instance:Mytests.Gurutest@6af93788]" started-at="2025-06-19T14:05:07 IST" name="closeapp" finished-at="2025-06-19T14:05:07 IST" duration-ms="299" status="PASS">
          <reporter-output>
          </reporter-output>
        </test-method> <!-- closeapp -->
      </class> <!-- Mytests.Gurutest -->
    </test> <!-- Test -->
  </suite> <!-- Suite -->
</testng-results>
